Using pre-set license
Built from '2020.3/staging' branch; Version is '2020.3.23f1 (c5d91304a876) revision 12966163'; Using compiler version '192528614'; Build Type 'Release'
OS: 'Windows 10 Pro; OS build 19043.1348; Version 2009; 64bit' Language: 'en' Physical Memory: 7983 MB
BatchMode: 1, IsHumanControllingUs: 0, StartBugReporterOnCrash: 0, Is64bit: 1, IsPro: 0

COMMAND LINE ARGUMENTS:
C:\Program Files\Unity\Hub\Editor\2020.3.23f1\Editor\Unity.exe
-adb2
-batchMode
-noUpm
-name
AssetImportWorker0
-projectPath
D:/cs222/C3_lab1
-logFile
Logs/AssetImportWorker0.log
-srvPort
61391
Successfully changed project path to: D:/cs222/C3_lab1
D:/cs222/C3_lab1
Using Asset Import Pipeline V2.
Refreshing native plugins compatible for Editor in 46.97 ms, found 2 plugins.
Preloading 0 native plugins for Editor in 0.00 ms.
Initialize engine version: 2020.3.23f1 (c5d91304a876)
[Subsystems] Discovering subsystems at path C:/Program Files/Unity/Hub/Editor/2020.3.23f1/Editor/Data/Resources/UnitySubsystems
[Subsystems] Discovering subsystems at path D:/cs222/C3_lab1/Assets
GfxDevice: creating device client; threaded=0
Direct3D:
    Version:  Direct3D 11.0 [level 11.0]
    Renderer: NVIDIA GeForce GTX 950M (ID=0x139a)
    Vendor:   
    VRAM:     2010 MB
    Driver:   30.0.14.9676
Initialize mono
Mono path[0] = 'C:/Program Files/Unity/Hub/Editor/2020.3.23f1/Editor/Data/Managed'
Mono path[1] = 'C:/Program Files/Unity/Hub/Editor/2020.3.23f1/Editor/Data/MonoBleedingEdge/lib/mono/unityjit'
Mono config path = 'C:/Program Files/Unity/Hub/Editor/2020.3.23f1/Editor/Data/MonoBleedingEdge/etc'
Using monoOptions --debugger-agent=transport=dt_socket,embedding=1,server=y,suspend=n,address=127.0.0.1:56640
Begin MonoManager ReloadAssembly
Registering precompiled unity dll's ...
Register platform support module: C:/Program Files/Unity/Hub/Editor/2020.3.23f1/Editor/Data/PlaybackEngines/WebGLSupport/UnityEditor.WebGL.Extensions.dll
Register platform support module: C:/Program Files/Unity/Hub/Editor/2020.3.23f1/Editor/Data/PlaybackEngines/WindowsStandaloneSupport/UnityEditor.WindowsStandalone.Extensions.dll
Registered in 0.002972 seconds.
Native extension for WindowsStandalone target not found
Native extension for WebGL target not found
Refreshing native plugins compatible for Editor in 38.87 ms, found 2 plugins.
Preloading 0 native plugins for Editor in 0.00 ms.
Mono: successfully reloaded assembly
- Completed reload, in  0.744 seconds
Domain Reload Profiling:
	ReloadAssembly (744ms)
		BeginReloadAssembly (73ms)
			ExecutionOrderSort (0ms)
			DisableScriptedObjects (0ms)
			BackupInstance (0ms)
			ReleaseScriptingObjects (0ms)
			CreateAndSetChildDomain (1ms)
		EndReloadAssembly (576ms)
			LoadAssemblies (70ms)
			RebuildTransferFunctionScriptingTraits (0ms)
			SetupTypeCache (204ms)
			ReleaseScriptCaches (0ms)
			RebuildScriptCaches (42ms)
			SetupLoadedEditorAssemblies (191ms)
				LogAssemblyErrors (0ms)
				InitializePlatformSupportModulesInManaged (6ms)
				SetLoadedEditorAssemblies (0ms)
				RefreshPlugins (39ms)
				BeforeProcessingInitializeOnLoad (10ms)
				ProcessInitializeOnLoadAttributes (100ms)
				ProcessInitializeOnLoadMethodAttributes (35ms)
				AfterProcessingInitializeOnLoad (0ms)
				EditorAssembliesLoaded (0ms)
			ExecutionOrderSort2 (0ms)
			AwakeInstancesAfterBackupRestoration (0ms)
Platform modules already initialized, skipping
Registering precompiled user dll's ...
Registered in 0.003811 seconds.
Begin MonoManager ReloadAssembly
Native extension for WindowsStandalone target not found
Native extension for WebGL target not found
Refreshing native plugins compatible for Editor in 0.36 ms, found 2 plugins.
Preloading 0 native plugins for Editor in 0.00 ms.
Mono: successfully reloaded assembly
- Completed reload, in  1.314 seconds
Domain Reload Profiling:
	ReloadAssembly (1316ms)
		BeginReloadAssembly (196ms)
			ExecutionOrderSort (0ms)
			DisableScriptedObjects (10ms)
			BackupInstance (0ms)
			ReleaseScriptingObjects (0ms)
			CreateAndSetChildDomain (23ms)
		EndReloadAssembly (1043ms)
			LoadAssemblies (104ms)
			RebuildTransferFunctionScriptingTraits (0ms)
			SetupTypeCache (378ms)
			ReleaseScriptCaches (0ms)
			RebuildScriptCaches (54ms)
			SetupLoadedEditorAssemblies (385ms)
				LogAssemblyErrors (0ms)
				InitializePlatformSupportModulesInManaged (6ms)
				SetLoadedEditorAssemblies (1ms)
				RefreshPlugins (0ms)
				BeforeProcessingInitializeOnLoad (75ms)
				ProcessInitializeOnLoadAttributes (280ms)
				ProcessInitializeOnLoadMethodAttributes (12ms)
				AfterProcessingInitializeOnLoad (9ms)
				EditorAssembliesLoaded (0ms)
			ExecutionOrderSort2 (0ms)
			AwakeInstancesAfterBackupRestoration (9ms)
Platform modules already initialized, skipping
========================================================================
Worker process is ready to serve import requests
Launched and connected shader compiler UnityShaderCompiler.exe after 0.12 seconds
Refreshing native plugins compatible for Editor in 0.44 ms, found 2 plugins.
Preloading 0 native plugins for Editor in 0.00 ms.
Unloading 1508 Unused Serialized files (Serialized files now loaded: 0)
System memory in use before: 67.6 MB.
System memory in use after: 67.7 MB.

Unloading 19 unused Assets to reduce memory usage. Loaded Objects now: 1940.
Total: 3.704100 ms (FindLiveObjects: 0.174300 ms CreateObjectMapping: 0.048600 ms MarkObjects: 3.322000 ms  DeleteObjects: 0.158100 ms)

AssetImportParameters requested are different than current active one (requested -> active):
  custom:framework-win-MediaFoundation: 216162199b28c13a410421893ffa2e32 -> 
  custom:video-decoder-ogg-theora: a1e56fd34408186e4bbccfd4996cb3dc -> 
  custom:container-muxer-webm: aa71ff27fc2769a1b78a27578f13a17b -> 
  custom:container-demuxer-webm: 4f35f7cbe854078d1ac9338744f61a02 -> 
  custom:container-demuxer-ogg: 62fdf1f143b41e24485cea50d1cbac27 -> 
  custom:video-encoder-webm-vp8: eb34c28f22e8b96e1ab97ce403110664 -> 
  custom:video-decoder-webm-vp8: 9c59270c3fd7afecdb556c50c9e8de78 -> 
  custom:audio-decoder-ogg-vorbis: bf7c407c2cedff20999df2af8eb42d56 -> 
  custom:audio-encoder-webm-vorbis: bf7c407c2cedff20999df2af8eb42d56 -> 
========================================================================
Received Import Request.
  path: Assets/AssetsBackup/Big Enemy.prefab
  artifactKey: Guid(d58d69d140fa1d2458fd6f5d2554c33e) Importer(815301076,1909f56bfc062723c751e8b465ee728b)
Start importing Assets/AssetsBackup/Big Enemy.prefab using Guid(d58d69d140fa1d2458fd6f5d2554c33e) Importer(815301076,1909f56bfc062723c751e8b465ee728b)  -> (artifact id: '4c3c22f0bba46eeabfce7820e34de4ef') in 0.446469 seconds 
  Import took 0.449735 seconds .

========================================================================
Received Import Request.
  Time since last request: 0.000542 seconds.
  path: Assets/AssetsBackup/Health Bar.prefab
  artifactKey: Guid(d9be6ef6b41c9474c800175280857416) Importer(815301076,1909f56bfc062723c751e8b465ee728b)
Start importing Assets/AssetsBackup/Health Bar.prefab using Guid(d9be6ef6b41c9474c800175280857416) Importer(815301076,1909f56bfc062723c751e8b465ee728b)  -> (artifact id: 'd1fa339673d02b47aad5af4f47a497f3') in 0.012294 seconds 
  Import took 0.016162 seconds .

========================================================================
Received Import Request.
  Time since last request: 0.000356 seconds.
  path: Assets/AssetsBackup/player.mat
  artifactKey: Guid(c0363d03bb3fe6c4f96a8845d0aa891e) Importer(815301076,1909f56bfc062723c751e8b465ee728b)
Start importing Assets/AssetsBackup/player.mat using Guid(c0363d03bb3fe6c4f96a8845d0aa891e) Importer(815301076,1909f56bfc062723c751e8b465ee728b)  -> (artifact id: 'ed68c02a09b4c0b4b49de615f619607c') in 0.058862 seconds 
  Import took 0.062570 seconds .

========================================================================
Received Import Request.
  Time since last request: 0.000346 seconds.
  path: Assets/AssetsBackup/Bullet.prefab
  artifactKey: Guid(61ec5993e0d4dde43802ec90165a6295) Importer(815301076,1909f56bfc062723c751e8b465ee728b)
Start importing Assets/AssetsBackup/Bullet.prefab using Guid(61ec5993e0d4dde43802ec90165a6295) Importer(815301076,1909f56bfc062723c751e8b465ee728b)  -> (artifact id: 'ac7fbdd5fc23857a46b936de418f8caf') in 0.016413 seconds 
  Import took 0.020715 seconds .

========================================================================
Received Import Request.
  Time since last request: 0.000579 seconds.
  path: Assets/AssetsBackup/GroundMaterial.mat
  artifactKey: Guid(8d0ac78878dd4d84ea230c4f149e1dad) Importer(815301076,1909f56bfc062723c751e8b465ee728b)
Start importing Assets/AssetsBackup/GroundMaterial.mat using Guid(8d0ac78878dd4d84ea230c4f149e1dad) Importer(815301076,1909f56bfc062723c751e8b465ee728b)  -> (artifact id: 'db9c7933ca8e4008cebb160cf1d44a92') in 0.026668 seconds 
  Import took 0.031085 seconds .

========================================================================
Received Import Request.
  Time since last request: 0.000349 seconds.
  path: Assets/AssetsBackup/Enemy.prefab
  artifactKey: Guid(3b9a3731e01b08a4590f4e03752c2e53) Importer(815301076,1909f56bfc062723c751e8b465ee728b)
Start importing Assets/AssetsBackup/Enemy.prefab using Guid(3b9a3731e01b08a4590f4e03752c2e53) Importer(815301076,1909f56bfc062723c751e8b465ee728b)  -> (artifact id: 'fb834d6b910e426d9ef76f37ab36fa16') in 0.028251 seconds 
  Import took 0.032684 seconds .

========================================================================
Received Import Request.
  Time since last request: 0.000281 seconds.
  path: Assets/AssetsBackup/Explosion Material.mat
  artifactKey: Guid(1bfbb8106ac4b5a43a6273eee4c83443) Importer(815301076,1909f56bfc062723c751e8b465ee728b)
Start importing Assets/AssetsBackup/Explosion Material.mat using Guid(1bfbb8106ac4b5a43a6273eee4c83443) Importer(815301076,1909f56bfc062723c751e8b465ee728b)  -> (artifact id: 'e7e58e1ef07444364fc6f24e9d65b63d') in 0.301899 seconds 
  Import took 0.304703 seconds .

========================================================================
Received Import Request.
  Time since last request: 0.000377 seconds.
  path: Assets/AssetsBackup/Shotgun.prefab
  artifactKey: Guid(02f8211f83cebd2499900c94fea12ad6) Importer(815301076,1909f56bfc062723c751e8b465ee728b)
Start importing Assets/AssetsBackup/Shotgun.prefab using Guid(02f8211f83cebd2499900c94fea12ad6) Importer(815301076,1909f56bfc062723c751e8b465ee728b)  -> (artifact id: 'f7c7c2188a0dc94f9094aca67ce08946') in 0.017281 seconds 
  Import took 0.021779 seconds .

========================================================================
Received Import Request.
  Time since last request: 0.000447 seconds.
  path: Assets/AssetsBackup/Explosion Material 1.mat
  artifactKey: Guid(98fa0561b657ee3418ca06f7b055df40) Importer(815301076,1909f56bfc062723c751e8b465ee728b)
Start importing Assets/AssetsBackup/Explosion Material 1.mat using Guid(98fa0561b657ee3418ca06f7b055df40) Importer(815301076,1909f56bfc062723c751e8b465ee728b)  -> (artifact id: '2db88b3069797d37ff00782d8beaaf39') in 0.028931 seconds 
  Import took 0.033722 seconds .

========================================================================
Received Import Request.
  Time since last request: 0.000380 seconds.
  path: Assets/AssetsBackup/Uzi.prefab
  artifactKey: Guid(cd874da41747c0749862cd81ae4b2352) Importer(815301076,1909f56bfc062723c751e8b465ee728b)
Start importing Assets/AssetsBackup/Uzi.prefab using Guid(cd874da41747c0749862cd81ae4b2352) Importer(815301076,1909f56bfc062723c751e8b465ee728b)  -> (artifact id: '0f8a1e4cb96f59c78afde7ee26752971') in 0.024420 seconds 
  Import took 0.027891 seconds .

========================================================================
Received Import Request.
  Time since last request: 0.000347 seconds.
  path: Assets/AssetsBackup/Rifle Bullet.prefab
  artifactKey: Guid(b4cd2a4b7b74d3d4f8f908c83b6089bc) Importer(815301076,1909f56bfc062723c751e8b465ee728b)
Start importing Assets/AssetsBackup/Rifle Bullet.prefab using Guid(b4cd2a4b7b74d3d4f8f908c83b6089bc) Importer(815301076,1909f56bfc062723c751e8b465ee728b)  -> (artifact id: '0fac69b11a2b5142522d2da1d2468346') in 0.029851 seconds 
  Import took 0.033788 seconds .

========================================================================
Received Import Request.
  Time since last request: 0.000224 seconds.
  path: Assets/AssetsBackup/EnemyMaterial.mat
  artifactKey: Guid(fd686efae55cda94cac2a789f73af24c) Importer(815301076,1909f56bfc062723c751e8b465ee728b)
Start importing Assets/AssetsBackup/EnemyMaterial.mat using Guid(fd686efae55cda94cac2a789f73af24c) Importer(815301076,1909f56bfc062723c751e8b465ee728b)  -> (artifact id: '9eba2ac8a8731ab9501ee57158eff14a') in 0.018556 seconds 
  Import took 0.027579 seconds .

========================================================================
Received Import Request.
  Time since last request: 0.000754 seconds.
  path: Assets/AssetsBackup/Player.prefab
  artifactKey: Guid(5b2e1ea14760c7e49b29d6e6a3f89011) Importer(815301076,1909f56bfc062723c751e8b465ee728b)
Start importing Assets/AssetsBackup/Player.prefab using Guid(5b2e1ea14760c7e49b29d6e6a3f89011) Importer(815301076,1909f56bfc062723c751e8b465ee728b)  -> (artifact id: '0117f4f628e6c2fac8ccedfb01233bf3') in 0.017440 seconds 
  Import took 0.022073 seconds .

========================================================================
Received Import Request.
  Time since last request: 0.000465 seconds.
  path: Assets/AssetsBackup/Explosion.prefab
  artifactKey: Guid(822733bc27a78b84b95415d6e5d18382) Importer(815301076,1909f56bfc062723c751e8b465ee728b)
Start importing Assets/AssetsBackup/Explosion.prefab using Guid(822733bc27a78b84b95415d6e5d18382) Importer(815301076,1909f56bfc062723c751e8b465ee728b)  -> (artifact id: '7f595ead75af9ce69e3297a79635ec24') in 0.025687 seconds 
  Import took 0.028847 seconds .

========================================================================
Received Import Request.
  Time since last request: 0.000291 seconds.
  path: Assets/AssetsBackup/Weapon.prefab
  artifactKey: Guid(88ea1d1a8ab1fbf45864becdaa9e73cf) Importer(815301076,1909f56bfc062723c751e8b465ee728b)
Start importing Assets/AssetsBackup/Weapon.prefab using Guid(88ea1d1a8ab1fbf45864becdaa9e73cf) Importer(815301076,1909f56bfc062723c751e8b465ee728b)  -> (artifact id: 'bdacc66abc865563ae4373e86e068293') in 0.024037 seconds 
  Import took 0.027725 seconds .

========================================================================
Received Import Request.
  Time since last request: 144.259079 seconds.
  path: Assets
  artifactKey: Guid(00000000000000001000000000000000) Importer(815301076,1909f56bfc062723c751e8b465ee728b)
Start importing Assets using Guid(00000000000000001000000000000000) Importer(815301076,1909f56bfc062723c751e8b465ee728b)  -> (artifact id: '42d402b061de3733987d63b9cc3b64de') in 0.008926 seconds 
  Import took 0.012266 seconds .

========================================================================
Received Import Request.
  Time since last request: 15.741024 seconds.
  path: Assets/myPlane.mat
  artifactKey: Guid(546bda61f52192a41b3c11a08fe634ab) Importer(815301076,1909f56bfc062723c751e8b465ee728b)
Start importing Assets/myPlane.mat using Guid(546bda61f52192a41b3c11a08fe634ab) Importer(815301076,1909f56bfc062723c751e8b465ee728b)  -> (artifact id: '94bb88b0461f2729a6e16e4f2adcabda') in 0.021495 seconds 
  Import took 0.025784 seconds .

========================================================================
Received Import Request.
  Time since last request: 91.347053 seconds.
  path: Assets/Wood.jpg
  artifactKey: Guid(fdd122b0433c0ae4da7efad507f055c0) Importer(815301076,1909f56bfc062723c751e8b465ee728b)
Start importing Assets/Wood.jpg using Guid(fdd122b0433c0ae4da7efad507f055c0) Importer(815301076,1909f56bfc062723c751e8b465ee728b)  -> (artifact id: '8fdb604550ba8a456b5a031f3203c785') in 0.044467 seconds 
  Import took 0.048212 seconds .

========================================================================
Received Import Request.
  Time since last request: 22.467602 seconds.
  path: Assets/Materials
  artifactKey: Guid(32310892878cb3748b781b298c970cb1) Importer(815301076,1909f56bfc062723c751e8b465ee728b)
Start importing Assets/Materials using Guid(32310892878cb3748b781b298c970cb1) Importer(815301076,1909f56bfc062723c751e8b465ee728b)  -> (artifact id: '2b40c46112b9a0db4743e45dbf5b94cc') in 0.013130 seconds 
  Import took 0.017250 seconds .

========================================================================
Received Import Request.
  Time since last request: 0.029537 seconds.
  path: Assets/Materials/Wood.mat
  artifactKey: Guid(41ed4c840b8d9744987027508c0ff0ec) Importer(815301076,1909f56bfc062723c751e8b465ee728b)
Start importing Assets/Materials/Wood.mat using Guid(41ed4c840b8d9744987027508c0ff0ec) Importer(815301076,1909f56bfc062723c751e8b465ee728b)  -> (artifact id: '117fc932c0667de0b06ede82b5068bda') in 0.022087 seconds 
  Import took 0.026765 seconds .

========================================================================
Received Import Request.
  Time since last request: 407.624768 seconds.
  path: Assets/1020f5bbad749f6816b6ab839b3f1558.jpg
  artifactKey: Guid(6408e65c5bbaf11448b7b1b096ce55f7) Importer(815301076,1909f56bfc062723c751e8b465ee728b)
Start importing Assets/1020f5bbad749f6816b6ab839b3f1558.jpg using Guid(6408e65c5bbaf11448b7b1b096ce55f7) Importer(815301076,1909f56bfc062723c751e8b465ee728b)  -> (artifact id: '4a54f90df8702073e55be11fc6e3000a') in 0.023777 seconds 
  Import took 0.028149 seconds .

========================================================================
Received Import Request.
  Time since last request: 11.586682 seconds.
  path: Assets/Materials/1020f5bbad749f6816b6ab839b3f1558.mat
  artifactKey: Guid(dc6f4dd3868bd3a4096a745e5f9fb539) Importer(815301076,1909f56bfc062723c751e8b465ee728b)
Start importing Assets/Materials/1020f5bbad749f6816b6ab839b3f1558.mat using Guid(dc6f4dd3868bd3a4096a745e5f9fb539) Importer(815301076,1909f56bfc062723c751e8b465ee728b)  -> (artifact id: '0ecbdd20d55050473c90540cfc56bcb4') in 0.018732 seconds 
  Import took 0.022427 seconds .

========================================================================
Received Import Request.
  Time since last request: 169.634738 seconds.
  path: Assets/AssetsBackup/myFrefabes
  artifactKey: Guid(78e8f1d3ae4b50d43837670f8e207dca) Importer(815301076,1909f56bfc062723c751e8b465ee728b)
Start importing Assets/AssetsBackup/myFrefabes using Guid(78e8f1d3ae4b50d43837670f8e207dca) Importer(815301076,1909f56bfc062723c751e8b465ee728b)  -> (artifact id: 'd43f9f1e865f0d8f774f521623f49532') in 0.006115 seconds 
  Import took 0.009757 seconds .

========================================================================
Received Import Request.
  Time since last request: 0.046991 seconds.
  path: Assets/AssetsBackup/myFrefabes/Canvas.prefab
  artifactKey: Guid(15f47d3437d567347a17a879b30ce545) Importer(815301076,1909f56bfc062723c751e8b465ee728b)
Start importing Assets/AssetsBackup/myFrefabes/Canvas.prefab using Guid(15f47d3437d567347a17a879b30ce545) Importer(815301076,1909f56bfc062723c751e8b465ee728b)  -> (artifact id: 'b4681a63d145a62047af1864b7373bdf') in 0.012671 seconds 
  Import took 0.017501 seconds .

========================================================================
Received Import Request.
  Time since last request: 0.000364 seconds.
  path: Assets/AssetsBackup/myFrefabes/Uzi.prefab
  artifactKey: Guid(d1be2cd07f6ab744c945e948f5a8c7a5) Importer(815301076,1909f56bfc062723c751e8b465ee728b)
Start importing Assets/AssetsBackup/myFrefabes/Uzi.prefab using Guid(d1be2cd07f6ab744c945e948f5a8c7a5) Importer(815301076,1909f56bfc062723c751e8b465ee728b)  -> (artifact id: 'f0154478de8fa6429829804f3742a425') in 0.037995 seconds 
  Import took 0.041879 seconds .

========================================================================
Received Import Request.
  Time since last request: 0.000427 seconds.
  path: Assets/AssetsBackup/myFrefabes/Spawn Point.prefab
  artifactKey: Guid(399edc2fe94ed064cbb3a09401a93b7b) Importer(815301076,1909f56bfc062723c751e8b465ee728b)
Start importing Assets/AssetsBackup/myFrefabes/Spawn Point.prefab using Guid(399edc2fe94ed064cbb3a09401a93b7b) Importer(815301076,1909f56bfc062723c751e8b465ee728b)  -> (artifact id: 'b0923c1041da3e36dc234272ac5633ab') in 0.012819 seconds 
  Import took 0.016231 seconds .

========================================================================
Received Import Request.
  Time since last request: 0.000380 seconds.
  path: Assets/AssetsBackup/myFrefabes/Shotgun.prefab
  artifactKey: Guid(e7ce7452ba874bb4198e290e3b296b5b) Importer(815301076,1909f56bfc062723c751e8b465ee728b)
Start importing Assets/AssetsBackup/myFrefabes/Shotgun.prefab using Guid(e7ce7452ba874bb4198e290e3b296b5b) Importer(815301076,1909f56bfc062723c751e8b465ee728b)  -> (artifact id: 'cac48c1e1fae22d6cd06ac2b63689c54') in 0.018780 seconds 
  Import took 0.022462 seconds .

========================================================================
Received Import Request.
  Time since last request: 0.000327 seconds.
  path: Assets/AssetsBackup/myFrefabes/Player.prefab
  artifactKey: Guid(87a4a037f1040934fa7feae073560586) Importer(815301076,1909f56bfc062723c751e8b465ee728b)
Start importing Assets/AssetsBackup/myFrefabes/Player.prefab using Guid(87a4a037f1040934fa7feae073560586) Importer(815301076,1909f56bfc062723c751e8b465ee728b)  -> (artifact id: 'c23638d3033b175a7f53244fe0565d55') in 0.024536 seconds 
  Import took 0.029166 seconds .

========================================================================
Received Import Request.
  Time since last request: 0.000387 seconds.
  path: Assets/AssetsBackup/myFrefabes/EventSystem.prefab
  artifactKey: Guid(34f535f14fcdccd4bb40081258cab370) Importer(815301076,1909f56bfc062723c751e8b465ee728b)
Start importing Assets/AssetsBackup/myFrefabes/EventSystem.prefab using Guid(34f535f14fcdccd4bb40081258cab370) Importer(815301076,1909f56bfc062723c751e8b465ee728b)  -> (artifact id: 'aea979b6f6b48041a791010ad9f48122') in 0.014391 seconds 
  Import took 0.019456 seconds .

========================================================================
Received Import Request.
  Time since last request: 0.000427 seconds.
  path: Assets/AssetsBackup/myFrefabes/Rifle.prefab
  artifactKey: Guid(3caf1146926b5af4baa595ffc5e9f727) Importer(815301076,1909f56bfc062723c751e8b465ee728b)
Start importing Assets/AssetsBackup/myFrefabes/Rifle.prefab using Guid(3caf1146926b5af4baa595ffc5e9f727) Importer(815301076,1909f56bfc062723c751e8b465ee728b)  -> (artifact id: '5991b8f719be043f9e037952e52087e2') in 0.036732 seconds 
  Import took 0.042459 seconds .

========================================================================
Received Import Request.
  Time since last request: 0.000660 seconds.
  path: Assets/AssetsBackup/myFrefabes/Enemy Spawner.prefab
  artifactKey: Guid(6d104f487ec8e7d47833e93039660892) Importer(815301076,1909f56bfc062723c751e8b465ee728b)
Start importing Assets/AssetsBackup/myFrefabes/Enemy Spawner.prefab using Guid(6d104f487ec8e7d47833e93039660892) Importer(815301076,1909f56bfc062723c751e8b465ee728b)  -> (artifact id: '8f109f2ecdf9db3087fca32de3ed2f6b') in 0.018955 seconds 
  Import took 0.022889 seconds .

========================================================================
Received Prepare
Registering precompiled user dll's ...
Registered in 0.004228 seconds.
Begin MonoManager ReloadAssembly
Native extension for WindowsStandalone target not found
Native extension for WebGL target not found
Refreshing native plugins compatible for Editor in 0.41 ms, found 2 plugins.
Preloading 0 native plugins for Editor in 0.00 ms.
Mono: successfully reloaded assembly
- Completed reload, in  1.408 seconds
Domain Reload Profiling:
	ReloadAssembly (1408ms)
		BeginReloadAssembly (143ms)
			ExecutionOrderSort (0ms)
			DisableScriptedObjects (6ms)
			BackupInstance (0ms)
			ReleaseScriptingObjects (0ms)
			CreateAndSetChildDomain (45ms)
		EndReloadAssembly (1154ms)
			LoadAssemblies (124ms)
			RebuildTransferFunctionScriptingTraits (0ms)
			SetupTypeCache (454ms)
			ReleaseScriptCaches (3ms)
			RebuildScriptCaches (58ms)
			SetupLoadedEditorAssemblies (362ms)
				LogAssemblyErrors (0ms)
				InitializePlatformSupportModulesInManaged (7ms)
				SetLoadedEditorAssemblies (1ms)
				RefreshPlugins (1ms)
				BeforeProcessingInitializeOnLoad (66ms)
				ProcessInitializeOnLoadAttributes (265ms)
				ProcessInitializeOnLoadMethodAttributes (12ms)
				AfterProcessingInitializeOnLoad (11ms)
				EditorAssembliesLoaded (1ms)
			ExecutionOrderSort2 (0ms)
			AwakeInstancesAfterBackupRestoration (11ms)
Platform modules already initialized, skipping
Refreshing native plugins compatible for Editor in 0.88 ms, found 2 plugins.
Preloading 0 native plugins for Editor in 0.00 ms.
Unloading 1503 Unused Serialized files (Serialized files now loaded: 0)
System memory in use before: 71.0 MB.
System memory in use after: 71.1 MB.

Unloading 15 unused Assets to reduce memory usage. Loaded Objects now: 1989.
Total: 4.656800 ms (FindLiveObjects: 0.172200 ms CreateObjectMapping: 0.054900 ms MarkObjects: 4.396000 ms  DeleteObjects: 0.032000 ms)

AssetImportParameters requested are different than current active one (requested -> active):
  custom:framework-win-MediaFoundation: 216162199b28c13a410421893ffa2e32 -> 
  custom:video-decoder-ogg-theora: a1e56fd34408186e4bbccfd4996cb3dc -> 
  custom:container-muxer-webm: aa71ff27fc2769a1b78a27578f13a17b -> 
  custom:container-demuxer-webm: 4f35f7cbe854078d1ac9338744f61a02 -> 
  custom:container-demuxer-ogg: 62fdf1f143b41e24485cea50d1cbac27 -> 
  custom:video-encoder-webm-vp8: eb34c28f22e8b96e1ab97ce403110664 -> 
  custom:video-decoder-webm-vp8: 9c59270c3fd7afecdb556c50c9e8de78 -> 
  custom:audio-decoder-ogg-vorbis: bf7c407c2cedff20999df2af8eb42d56 -> 
  custom:audio-encoder-webm-vorbis: bf7c407c2cedff20999df2af8eb42d56 -> 
========================================================================
Received Import Request.
  Time since last request: 160.050434 seconds.
  path: Assets/MyPlayerBehaviour.cs
  artifactKey: Guid(09e0c9bdfa88e814c834d9508340f831) Importer(815301076,1909f56bfc062723c751e8b465ee728b)
Start importing Assets/MyPlayerBehaviour.cs using Guid(09e0c9bdfa88e814c834d9508340f831) Importer(815301076,1909f56bfc062723c751e8b465ee728b)  -> (artifact id: '7cd166625b71a37258b992d089627f44') in 0.026291 seconds 
  Import took 0.029345 seconds .

========================================================================
Received Prepare
Registering precompiled user dll's ...
Registered in 0.010864 seconds.
Begin MonoManager ReloadAssembly
Native extension for WindowsStandalone target not found
Native extension for WebGL target not found
Refreshing native plugins compatible for Editor in 0.36 ms, found 2 plugins.
Preloading 0 native plugins for Editor in 0.00 ms.
Mono: successfully reloaded assembly
- Completed reload, in  1.321 seconds
Domain Reload Profiling:
	ReloadAssembly (1322ms)
		BeginReloadAssembly (163ms)
			ExecutionOrderSort (0ms)
			DisableScriptedObjects (9ms)
			BackupInstance (0ms)
			ReleaseScriptingObjects (0ms)
			CreateAndSetChildDomain (50ms)
		EndReloadAssembly (1068ms)
			LoadAssemblies (121ms)
			RebuildTransferFunctionScriptingTraits (0ms)
			SetupTypeCache (400ms)
			ReleaseScriptCaches (1ms)
			RebuildScriptCaches (54ms)
			SetupLoadedEditorAssemblies (358ms)
				LogAssemblyErrors (0ms)
				InitializePlatformSupportModulesInManaged (7ms)
				SetLoadedEditorAssemblies (1ms)
				RefreshPlugins (0ms)
				BeforeProcessingInitializeOnLoad (68ms)
				ProcessInitializeOnLoadAttributes (261ms)
				ProcessInitializeOnLoadMethodAttributes (12ms)
				AfterProcessingInitializeOnLoad (8ms)
				EditorAssembliesLoaded (0ms)
			ExecutionOrderSort2 (0ms)
			AwakeInstancesAfterBackupRestoration (8ms)
Platform modules already initialized, skipping
Refreshing native plugins compatible for Editor in 0.38 ms, found 2 plugins.
Preloading 0 native plugins for Editor in 0.00 ms.
Unloading 1503 Unused Serialized files (Serialized files now loaded: 0)
System memory in use before: 71.1 MB.
System memory in use after: 71.2 MB.

Unloading 14 unused Assets to reduce memory usage. Loaded Objects now: 1991.
Total: 3.685400 ms (FindLiveObjects: 0.179500 ms CreateObjectMapping: 0.058600 ms MarkObjects: 3.395100 ms  DeleteObjects: 0.051100 ms)

AssetImportParameters requested are different than current active one (requested -> active):
  custom:framework-win-MediaFoundation: 216162199b28c13a410421893ffa2e32 -> 
  custom:video-decoder-ogg-theora: a1e56fd34408186e4bbccfd4996cb3dc -> 
  custom:container-muxer-webm: aa71ff27fc2769a1b78a27578f13a17b -> 
  custom:container-demuxer-webm: 4f35f7cbe854078d1ac9338744f61a02 -> 
  custom:container-demuxer-ogg: 62fdf1f143b41e24485cea50d1cbac27 -> 
  custom:video-encoder-webm-vp8: eb34c28f22e8b96e1ab97ce403110664 -> 
  custom:video-decoder-webm-vp8: 9c59270c3fd7afecdb556c50c9e8de78 -> 
  custom:audio-decoder-ogg-vorbis: bf7c407c2cedff20999df2af8eb42d56 -> 
  custom:audio-encoder-webm-vorbis: bf7c407c2cedff20999df2af8eb42d56 -> 
========================================================================
Received Import Request.
  Time since last request: 351.082573 seconds.
  path: Assets/MyPlayerBehaviour.cs
  artifactKey: Guid(09e0c9bdfa88e814c834d9508340f831) Importer(815301076,1909f56bfc062723c751e8b465ee728b)
Start importing Assets/MyPlayerBehaviour.cs using Guid(09e0c9bdfa88e814c834d9508340f831) Importer(815301076,1909f56bfc062723c751e8b465ee728b)  -> (artifact id: 'd277dc0565a5c320727eaf9a40e2baec') in 0.004724 seconds 
  Import took 0.008322 seconds .

========================================================================
Received Prepare
Registering precompiled user dll's ...
Registered in 0.003908 seconds.
Begin MonoManager ReloadAssembly
Native extension for WindowsStandalone target not found
Native extension for WebGL target not found
Refreshing native plugins compatible for Editor in 0.56 ms, found 2 plugins.
Preloading 0 native plugins for Editor in 0.00 ms.
Mono: successfully reloaded assembly
- Completed reload, in  1.461 seconds
Domain Reload Profiling:
	ReloadAssembly (1462ms)
		BeginReloadAssembly (184ms)
			ExecutionOrderSort (0ms)
			DisableScriptedObjects (6ms)
			BackupInstance (0ms)
			ReleaseScriptingObjects (0ms)
			CreateAndSetChildDomain (47ms)
		EndReloadAssembly (1177ms)
			LoadAssemblies (147ms)
			RebuildTransferFunctionScriptingTraits (0ms)
			SetupTypeCache (450ms)
			ReleaseScriptCaches (1ms)
			RebuildScriptCaches (56ms)
			SetupLoadedEditorAssemblies (412ms)
				LogAssemblyErrors (0ms)
				InitializePlatformSupportModulesInManaged (8ms)
				SetLoadedEditorAssemblies (1ms)
				RefreshPlugins (1ms)
				BeforeProcessingInitializeOnLoad (69ms)
				ProcessInitializeOnLoadAttributes (305ms)
				ProcessInitializeOnLoadMethodAttributes (15ms)
				AfterProcessingInitializeOnLoad (12ms)
				EditorAssembliesLoaded (1ms)
			ExecutionOrderSort2 (0ms)
			AwakeInstancesAfterBackupRestoration (10ms)
Platform modules already initialized, skipping
Refreshing native plugins compatible for Editor in 0.49 ms, found 2 plugins.
Preloading 0 native plugins for Editor in 0.00 ms.
Unloading 1503 Unused Serialized files (Serialized files now loaded: 0)
System memory in use before: 71.1 MB.
System memory in use after: 71.2 MB.

Unloading 14 unused Assets to reduce memory usage. Loaded Objects now: 1993.
Total: 4.045300 ms (FindLiveObjects: 0.194200 ms CreateObjectMapping: 0.048900 ms MarkObjects: 3.776400 ms  DeleteObjects: 0.024000 ms)

AssetImportParameters requested are different than current active one (requested -> active):
  custom:framework-win-MediaFoundation: 216162199b28c13a410421893ffa2e32 -> 
  custom:video-decoder-ogg-theora: a1e56fd34408186e4bbccfd4996cb3dc -> 
  custom:container-muxer-webm: aa71ff27fc2769a1b78a27578f13a17b -> 
  custom:container-demuxer-webm: 4f35f7cbe854078d1ac9338744f61a02 -> 
  custom:container-demuxer-ogg: 62fdf1f143b41e24485cea50d1cbac27 -> 
  custom:video-encoder-webm-vp8: eb34c28f22e8b96e1ab97ce403110664 -> 
  custom:video-decoder-webm-vp8: 9c59270c3fd7afecdb556c50c9e8de78 -> 
  custom:audio-decoder-ogg-vorbis: bf7c407c2cedff20999df2af8eb42d56 -> 
  custom:audio-encoder-webm-vorbis: bf7c407c2cedff20999df2af8eb42d56 -> 
========================================================================
Received Import Request.
  Time since last request: 232.253676 seconds.
  path: Assets/myPlane.mat
  artifactKey: Guid(546bda61f52192a41b3c11a08fe634ab) Importer(815301076,1909f56bfc062723c751e8b465ee728b)
Start importing Assets/myPlane.mat using Guid(546bda61f52192a41b3c11a08fe634ab) Importer(815301076,1909f56bfc062723c751e8b465ee728b)  -> (artifact id: '89786a8e94dcb75c1d443c28531744fa') in 0.099882 seconds 
  Import took 0.104893 seconds .

========================================================================
Received Prepare
Registering precompiled user dll's ...
Registered in 0.005646 seconds.
Begin MonoManager ReloadAssembly
Native extension for WindowsStandalone target not found
Native extension for WebGL target not found
Refreshing native plugins compatible for Editor in 0.50 ms, found 2 plugins.
Preloading 0 native plugins for Editor in 0.00 ms.
Mono: successfully reloaded assembly
- Completed reload, in  2.489 seconds
Domain Reload Profiling:
	ReloadAssembly (2491ms)
		BeginReloadAssembly (269ms)
			ExecutionOrderSort (0ms)
			DisableScriptedObjects (12ms)
			BackupInstance (0ms)
			ReleaseScriptingObjects (0ms)
			CreateAndSetChildDomain (83ms)
		EndReloadAssembly (2055ms)
			LoadAssemblies (225ms)
			RebuildTransferFunctionScriptingTraits (0ms)
			SetupTypeCache (784ms)
			ReleaseScriptCaches (1ms)
			RebuildScriptCaches (140ms)
			SetupLoadedEditorAssemblies (646ms)
				LogAssemblyErrors (0ms)
				InitializePlatformSupportModulesInManaged (11ms)
				SetLoadedEditorAssemblies (1ms)
				RefreshPlugins (1ms)
				BeforeProcessingInitializeOnLoad (115ms)
				ProcessInitializeOnLoadAttributes (482ms)
				ProcessInitializeOnLoadMethodAttributes (18ms)
				AfterProcessingInitializeOnLoad (17ms)
				EditorAssembliesLoaded (0ms)
			ExecutionOrderSort2 (0ms)
			AwakeInstancesAfterBackupRestoration (16ms)
Platform modules already initialized, skipping
Refreshing native plugins compatible for Editor in 1.18 ms, found 2 plugins.
Preloading 0 native plugins for Editor in 0.00 ms.
Unloading 1503 Unused Serialized files (Serialized files now loaded: 0)
System memory in use before: 71.1 MB.
System memory in use after: 71.2 MB.

Unloading 14 unused Assets to reduce memory usage. Loaded Objects now: 1996.
Total: 5.919600 ms (FindLiveObjects: 0.334800 ms CreateObjectMapping: 0.131500 ms MarkObjects: 5.421700 ms  DeleteObjects: 0.029500 ms)

AssetImportParameters requested are different than current active one (requested -> active):
  custom:framework-win-MediaFoundation: 216162199b28c13a410421893ffa2e32 -> 
  custom:video-decoder-ogg-theora: a1e56fd34408186e4bbccfd4996cb3dc -> 
  custom:container-muxer-webm: aa71ff27fc2769a1b78a27578f13a17b -> 
  custom:container-demuxer-webm: 4f35f7cbe854078d1ac9338744f61a02 -> 
  custom:container-demuxer-ogg: 62fdf1f143b41e24485cea50d1cbac27 -> 
  custom:video-encoder-webm-vp8: eb34c28f22e8b96e1ab97ce403110664 -> 
  custom:video-decoder-webm-vp8: 9c59270c3fd7afecdb556c50c9e8de78 -> 
  custom:audio-decoder-ogg-vorbis: bf7c407c2cedff20999df2af8eb42d56 -> 
  custom:audio-encoder-webm-vorbis: bf7c407c2cedff20999df2af8eb42d56 -> 
========================================================================
Received Prepare
Registering precompiled user dll's ...
Registered in 0.003567 seconds.
Begin MonoManager ReloadAssembly
Native extension for WindowsStandalone target not found
Native extension for WebGL target not found
Refreshing native plugins compatible for Editor in 0.53 ms, found 2 plugins.
Preloading 0 native plugins for Editor in 0.00 ms.
Mono: successfully reloaded assembly
- Completed reload, in  1.387 seconds
Domain Reload Profiling:
	ReloadAssembly (1388ms)
		BeginReloadAssembly (160ms)
			ExecutionOrderSort (0ms)
			DisableScriptedObjects (10ms)
			BackupInstance (0ms)
			ReleaseScriptingObjects (0ms)
			CreateAndSetChildDomain (44ms)
		EndReloadAssembly (1142ms)
			LoadAssemblies (128ms)
			RebuildTransferFunctionScriptingTraits (0ms)
			SetupTypeCache (394ms)
			ReleaseScriptCaches (1ms)
			RebuildScriptCaches (54ms)
			SetupLoadedEditorAssemblies (422ms)
				LogAssemblyErrors (0ms)
				InitializePlatformSupportModulesInManaged (10ms)
				SetLoadedEditorAssemblies (1ms)
				RefreshPlugins (1ms)
				BeforeProcessingInitializeOnLoad (82ms)
				ProcessInitializeOnLoadAttributes (312ms)
				ProcessInitializeOnLoadMethodAttributes (10ms)
				AfterProcessingInitializeOnLoad (7ms)
				EditorAssembliesLoaded (0ms)
			ExecutionOrderSort2 (0ms)
			AwakeInstancesAfterBackupRestoration (9ms)
Platform modules already initialized, skipping
Refreshing native plugins compatible for Editor in 0.39 ms, found 2 plugins.
Preloading 0 native plugins for Editor in 0.00 ms.
Unloading 1503 Unused Serialized files (Serialized files now loaded: 0)
System memory in use before: 71.1 MB.
System memory in use after: 71.2 MB.

Unloading 14 unused Assets to reduce memory usage. Loaded Objects now: 1998.
Total: 4.066000 ms (FindLiveObjects: 0.178600 ms CreateObjectMapping: 0.046600 ms MarkObjects: 3.778200 ms  DeleteObjects: 0.061400 ms)

AssetImportParameters requested are different than current active one (requested -> active):
  custom:framework-win-MediaFoundation: 216162199b28c13a410421893ffa2e32 -> 
  custom:video-decoder-ogg-theora: a1e56fd34408186e4bbccfd4996cb3dc -> 
  custom:container-muxer-webm: aa71ff27fc2769a1b78a27578f13a17b -> 
  custom:container-demuxer-webm: 4f35f7cbe854078d1ac9338744f61a02 -> 
  custom:container-demuxer-ogg: 62fdf1f143b41e24485cea50d1cbac27 -> 
  custom:video-encoder-webm-vp8: eb34c28f22e8b96e1ab97ce403110664 -> 
  custom:video-decoder-webm-vp8: 9c59270c3fd7afecdb556c50c9e8de78 -> 
  custom:audio-decoder-ogg-vorbis: bf7c407c2cedff20999df2af8eb42d56 -> 
  custom:audio-encoder-webm-vorbis: bf7c407c2cedff20999df2af8eb42d56 -> 
========================================================================
Received Import Request.
  Time since last request: 931.569112 seconds.
  path: Assets/MyHealthSystem.cs
  artifactKey: Guid(c909d1c65675d964cabfde84dc95ee30) Importer(815301076,1909f56bfc062723c751e8b465ee728b)
Start importing Assets/MyHealthSystem.cs using Guid(c909d1c65675d964cabfde84dc95ee30) Importer(815301076,1909f56bfc062723c751e8b465ee728b)  -> (artifact id: '0b2f80256f1fae52213e78245b2f2f85') in 0.017049 seconds 
  Import took 0.021489 seconds .

========================================================================
Received Prepare
Registering precompiled user dll's ...
Registered in 0.004143 seconds.
Begin MonoManager ReloadAssembly
Native extension for WindowsStandalone target not found
Native extension for WebGL target not found
Refreshing native plugins compatible for Editor in 0.36 ms, found 2 plugins.
Preloading 0 native plugins for Editor in 0.00 ms.
Mono: successfully reloaded assembly
- Completed reload, in  1.432 seconds
Domain Reload Profiling:
	ReloadAssembly (1432ms)
		BeginReloadAssembly (175ms)
			ExecutionOrderSort (0ms)
			DisableScriptedObjects (5ms)
			BackupInstance (0ms)
			ReleaseScriptingObjects (0ms)
			CreateAndSetChildDomain (51ms)
		EndReloadAssembly (1130ms)
			LoadAssemblies (145ms)
			RebuildTransferFunctionScriptingTraits (0ms)
			SetupTypeCache (426ms)
			ReleaseScriptCaches (1ms)
			RebuildScriptCaches (50ms)
			SetupLoadedEditorAssemblies (392ms)
				LogAssemblyErrors (0ms)
				InitializePlatformSupportModulesInManaged (8ms)
				SetLoadedEditorAssemblies (1ms)
				RefreshPlugins (0ms)
				BeforeProcessingInitializeOnLoad (72ms)
				ProcessInitializeOnLoadAttributes (292ms)
				ProcessInitializeOnLoadMethodAttributes (11ms)
				AfterProcessingInitializeOnLoad (8ms)
				EditorAssembliesLoaded (0ms)
			ExecutionOrderSort2 (0ms)
			AwakeInstancesAfterBackupRestoration (9ms)
Platform modules already initialized, skipping
Refreshing native plugins compatible for Editor in 0.59 ms, found 2 plugins.
Preloading 0 native plugins for Editor in 0.00 ms.
Unloading 1504 Unused Serialized files (Serialized files now loaded: 0)
System memory in use before: 71.1 MB.
System memory in use after: 71.2 MB.

Unloading 14 unused Assets to reduce memory usage. Loaded Objects now: 2001.
Total: 4.346500 ms (FindLiveObjects: 0.172700 ms CreateObjectMapping: 0.083300 ms MarkObjects: 4.033100 ms  DeleteObjects: 0.055900 ms)

AssetImportParameters requested are different than current active one (requested -> active):
  custom:framework-win-MediaFoundation: 216162199b28c13a410421893ffa2e32 -> 
  custom:video-decoder-ogg-theora: a1e56fd34408186e4bbccfd4996cb3dc -> 
  custom:container-muxer-webm: aa71ff27fc2769a1b78a27578f13a17b -> 
  custom:container-demuxer-webm: 4f35f7cbe854078d1ac9338744f61a02 -> 
  custom:container-demuxer-ogg: 62fdf1f143b41e24485cea50d1cbac27 -> 
  custom:video-encoder-webm-vp8: eb34c28f22e8b96e1ab97ce403110664 -> 
  custom:video-decoder-webm-vp8: 9c59270c3fd7afecdb556c50c9e8de78 -> 
  custom:audio-decoder-ogg-vorbis: bf7c407c2cedff20999df2af8eb42d56 -> 
  custom:audio-encoder-webm-vorbis: bf7c407c2cedff20999df2af8eb42d56 -> 
========================================================================
Received Import Request.
  Time since last request: 156.106266 seconds.
  path: Assets/MyHealthSystem.cs
  artifactKey: Guid(c909d1c65675d964cabfde84dc95ee30) Importer(815301076,1909f56bfc062723c751e8b465ee728b)
Start importing Assets/MyHealthSystem.cs using Guid(c909d1c65675d964cabfde84dc95ee30) Importer(815301076,1909f56bfc062723c751e8b465ee728b)  -> (artifact id: '76af9985adc0bb30ed4acfbf331d8242') in 0.009369 seconds 
  Import took 0.015170 seconds .

========================================================================
Received Prepare
Registering precompiled user dll's ...
Registered in 0.004356 seconds.
Begin MonoManager ReloadAssembly
Native extension for WindowsStandalone target not found
Native extension for WebGL target not found
Refreshing native plugins compatible for Editor in 0.38 ms, found 2 plugins.
Preloading 0 native plugins for Editor in 0.00 ms.
Mono: successfully reloaded assembly
- Completed reload, in  1.348 seconds
Domain Reload Profiling:
	ReloadAssembly (1348ms)
		BeginReloadAssembly (149ms)
			ExecutionOrderSort (0ms)
			DisableScriptedObjects (6ms)
			BackupInstance (0ms)
			ReleaseScriptingObjects (0ms)
			CreateAndSetChildDomain (41ms)
		EndReloadAssembly (1107ms)
			LoadAssemblies (123ms)
			RebuildTransferFunctionScriptingTraits (0ms)
			SetupTypeCache (440ms)
			ReleaseScriptCaches (1ms)
			RebuildScriptCaches (49ms)
			SetupLoadedEditorAssemblies (360ms)
				LogAssemblyErrors (0ms)
				InitializePlatformSupportModulesInManaged (9ms)
				SetLoadedEditorAssemblies (1ms)
				RefreshPlugins (0ms)
				BeforeProcessingInitializeOnLoad (65ms)
				ProcessInitializeOnLoadAttributes (260ms)
				ProcessInitializeOnLoadMethodAttributes (14ms)
				AfterProcessingInitializeOnLoad (11ms)
				EditorAssembliesLoaded (0ms)
			ExecutionOrderSort2 (0ms)
			AwakeInstancesAfterBackupRestoration (17ms)
Platform modules already initialized, skipping
Refreshing native plugins compatible for Editor in 0.69 ms, found 2 plugins.
Preloading 0 native plugins for Editor in 0.00 ms.
Unloading 1504 Unused Serialized files (Serialized files now loaded: 0)
System memory in use before: 71.1 MB.
System memory in use after: 71.2 MB.

Unloading 14 unused Assets to reduce memory usage. Loaded Objects now: 2003.
Total: 5.154200 ms (FindLiveObjects: 0.258400 ms CreateObjectMapping: 0.074000 ms MarkObjects: 4.797700 ms  DeleteObjects: 0.022800 ms)

AssetImportParameters requested are different than current active one (requested -> active):
  custom:framework-win-MediaFoundation: 216162199b28c13a410421893ffa2e32 -> 
  custom:video-decoder-ogg-theora: a1e56fd34408186e4bbccfd4996cb3dc -> 
  custom:container-muxer-webm: aa71ff27fc2769a1b78a27578f13a17b -> 
  custom:container-demuxer-webm: 4f35f7cbe854078d1ac9338744f61a02 -> 
  custom:container-demuxer-ogg: 62fdf1f143b41e24485cea50d1cbac27 -> 
  custom:video-encoder-webm-vp8: eb34c28f22e8b96e1ab97ce403110664 -> 
  custom:video-decoder-webm-vp8: 9c59270c3fd7afecdb556c50c9e8de78 -> 
  custom:audio-decoder-ogg-vorbis: bf7c407c2cedff20999df2af8eb42d56 -> 
  custom:audio-encoder-webm-vorbis: bf7c407c2cedff20999df2af8eb42d56 -> 
========================================================================
Received Prepare
Registering precompiled user dll's ...
Registered in 0.004347 seconds.
Begin MonoManager ReloadAssembly
Native extension for WindowsStandalone target not found
Native extension for WebGL target not found
Refreshing native plugins compatible for Editor in 0.36 ms, found 2 plugins.
Preloading 0 native plugins for Editor in 0.00 ms.
Mono: successfully reloaded assembly
- Completed reload, in  1.248 seconds
Domain Reload Profiling:
	ReloadAssembly (1250ms)
		BeginReloadAssembly (144ms)
			ExecutionOrderSort (0ms)
			DisableScriptedObjects (6ms)
			BackupInstance (0ms)
			ReleaseScriptingObjects (0ms)
			CreateAndSetChildDomain (42ms)
		EndReloadAssembly (1024ms)
			LoadAssemblies (117ms)
			RebuildTransferFunctionScriptingTraits (0ms)
			SetupTypeCache (372ms)
			ReleaseScriptCaches (1ms)
			RebuildScriptCaches (51ms)
			SetupLoadedEditorAssemblies (355ms)
				LogAssemblyErrors (0ms)
				InitializePlatformSupportModulesInManaged (7ms)
				SetLoadedEditorAssemblies (1ms)
				RefreshPlugins (0ms)
				BeforeProcessingInitializeOnLoad (62ms)
				ProcessInitializeOnLoadAttributes (263ms)
				ProcessInitializeOnLoadMethodAttributes (14ms)
				AfterProcessingInitializeOnLoad (9ms)
				EditorAssembliesLoaded (0ms)
			ExecutionOrderSort2 (0ms)
			AwakeInstancesAfterBackupRestoration (10ms)
Platform modules already initialized, skipping
Refreshing native plugins compatible for Editor in 0.44 ms, found 2 plugins.
Preloading 0 native plugins for Editor in 0.00 ms.
Unloading 1504 Unused Serialized files (Serialized files now loaded: 0)
System memory in use before: 71.1 MB.
System memory in use after: 71.2 MB.

Unloading 14 unused Assets to reduce memory usage. Loaded Objects now: 2005.
Total: 3.484900 ms (FindLiveObjects: 0.207400 ms CreateObjectMapping: 0.056500 ms MarkObjects: 3.173400 ms  DeleteObjects: 0.046600 ms)

AssetImportParameters requested are different than current active one (requested -> active):
  custom:framework-win-MediaFoundation: 216162199b28c13a410421893ffa2e32 -> 
  custom:video-decoder-ogg-theora: a1e56fd34408186e4bbccfd4996cb3dc -> 
  custom:container-muxer-webm: aa71ff27fc2769a1b78a27578f13a17b -> 
  custom:container-demuxer-webm: 4f35f7cbe854078d1ac9338744f61a02 -> 
  custom:container-demuxer-ogg: 62fdf1f143b41e24485cea50d1cbac27 -> 
  custom:video-encoder-webm-vp8: eb34c28f22e8b96e1ab97ce403110664 -> 
  custom:video-decoder-webm-vp8: 9c59270c3fd7afecdb556c50c9e8de78 -> 
  custom:audio-decoder-ogg-vorbis: bf7c407c2cedff20999df2af8eb42d56 -> 
  custom:audio-encoder-webm-vorbis: bf7c407c2cedff20999df2af8eb42d56 -> 
========================================================================
Received Prepare
Registering precompiled user dll's ...
Registered in 0.004909 seconds.
Begin MonoManager ReloadAssembly
Native extension for WindowsStandalone target not found
Native extension for WebGL target not found
Refreshing native plugins compatible for Editor in 0.56 ms, found 2 plugins.
Preloading 0 native plugins for Editor in 0.00 ms.
Mono: successfully reloaded assembly
- Completed reload, in  1.310 seconds
Domain Reload Profiling:
	ReloadAssembly (1311ms)
		BeginReloadAssembly (139ms)
			ExecutionOrderSort (0ms)
			DisableScriptedObjects (6ms)
			BackupInstance (0ms)
			ReleaseScriptingObjects (0ms)
			CreateAndSetChildDomain (39ms)
		EndReloadAssembly (1082ms)
			LoadAssemblies (120ms)
			RebuildTransferFunctionScriptingTraits (0ms)
			SetupTypeCache (423ms)
			ReleaseScriptCaches (1ms)
			RebuildScriptCaches (51ms)
			SetupLoadedEditorAssemblies (375ms)
				LogAssemblyErrors (0ms)
				InitializePlatformSupportModulesInManaged (7ms)
				SetLoadedEditorAssemblies (1ms)
				RefreshPlugins (1ms)
				BeforeProcessingInitializeOnLoad (81ms)
				ProcessInitializeOnLoadAttributes (265ms)
				ProcessInitializeOnLoadMethodAttributes (10ms)
				AfterProcessingInitializeOnLoad (10ms)
				EditorAssembliesLoaded (0ms)
			ExecutionOrderSort2 (0ms)
			AwakeInstancesAfterBackupRestoration (8ms)
Platform modules already initialized, skipping
Refreshing native plugins compatible for Editor in 0.39 ms, found 2 plugins.
Preloading 0 native plugins for Editor in 0.00 ms.
Unloading 1504 Unused Serialized files (Serialized files now loaded: 0)
System memory in use before: 71.1 MB.
System memory in use after: 71.3 MB.

Unloading 14 unused Assets to reduce memory usage. Loaded Objects now: 2007.
Total: 3.248000 ms (FindLiveObjects: 0.188800 ms CreateObjectMapping: 0.055600 ms MarkObjects: 2.983100 ms  DeleteObjects: 0.019500 ms)

AssetImportParameters requested are different than current active one (requested -> active):
  custom:framework-win-MediaFoundation: 216162199b28c13a410421893ffa2e32 -> 
  custom:video-decoder-ogg-theora: a1e56fd34408186e4bbccfd4996cb3dc -> 
  custom:container-muxer-webm: aa71ff27fc2769a1b78a27578f13a17b -> 
  custom:container-demuxer-webm: 4f35f7cbe854078d1ac9338744f61a02 -> 
  custom:container-demuxer-ogg: 62fdf1f143b41e24485cea50d1cbac27 -> 
  custom:video-encoder-webm-vp8: eb34c28f22e8b96e1ab97ce403110664 -> 
  custom:video-decoder-webm-vp8: 9c59270c3fd7afecdb556c50c9e8de78 -> 
  custom:audio-decoder-ogg-vorbis: bf7c407c2cedff20999df2af8eb42d56 -> 
  custom:audio-encoder-webm-vorbis: bf7c407c2cedff20999df2af8eb42d56 -> 
========================================================================
Received Prepare
Registering precompiled user dll's ...
Registered in 0.005841 seconds.
Begin MonoManager ReloadAssembly
Native extension for WindowsStandalone target not found
Native extension for WebGL target not found
Refreshing native plugins compatible for Editor in 0.37 ms, found 2 plugins.
Preloading 0 native plugins for Editor in 0.00 ms.
Mono: successfully reloaded assembly
- Completed reload, in  1.379 seconds
Domain Reload Profiling:
	ReloadAssembly (1380ms)
		BeginReloadAssembly (151ms)
			ExecutionOrderSort (0ms)
			DisableScriptedObjects (6ms)
			BackupInstance (0ms)
			ReleaseScriptingObjects (0ms)
			CreateAndSetChildDomain (39ms)
		EndReloadAssembly (1144ms)
			LoadAssemblies (124ms)
			RebuildTransferFunctionScriptingTraits (0ms)
			SetupTypeCache (477ms)
			ReleaseScriptCaches (1ms)
			RebuildScriptCaches (47ms)
			SetupLoadedEditorAssemblies (366ms)
				LogAssemblyErrors (0ms)
				InitializePlatformSupportModulesInManaged (8ms)
				SetLoadedEditorAssemblies (1ms)
				RefreshPlugins (0ms)
				BeforeProcessingInitializeOnLoad (71ms)
				ProcessInitializeOnLoadAttributes (264ms)
				ProcessInitializeOnLoadMethodAttributes (13ms)
				AfterProcessingInitializeOnLoad (8ms)
				EditorAssembliesLoaded (0ms)
			ExecutionOrderSort2 (0ms)
			AwakeInstancesAfterBackupRestoration (9ms)
Platform modules already initialized, skipping
Refreshing native plugins compatible for Editor in 0.61 ms, found 2 plugins.
Preloading 0 native plugins for Editor in 0.00 ms.
Unloading 1504 Unused Serialized files (Serialized files now loaded: 0)
System memory in use before: 71.1 MB.
System memory in use after: 71.3 MB.

Unloading 14 unused Assets to reduce memory usage. Loaded Objects now: 2009.
Total: 4.058000 ms (FindLiveObjects: 0.240200 ms CreateObjectMapping: 0.086100 ms MarkObjects: 3.681600 ms  DeleteObjects: 0.048000 ms)

AssetImportParameters requested are different than current active one (requested -> active):
  custom:framework-win-MediaFoundation: 216162199b28c13a410421893ffa2e32 -> 
  custom:video-decoder-ogg-theora: a1e56fd34408186e4bbccfd4996cb3dc -> 
  custom:container-muxer-webm: aa71ff27fc2769a1b78a27578f13a17b -> 
  custom:container-demuxer-webm: 4f35f7cbe854078d1ac9338744f61a02 -> 
  custom:container-demuxer-ogg: 62fdf1f143b41e24485cea50d1cbac27 -> 
  custom:video-encoder-webm-vp8: eb34c28f22e8b96e1ab97ce403110664 -> 
  custom:video-decoder-webm-vp8: 9c59270c3fd7afecdb556c50c9e8de78 -> 
  custom:audio-decoder-ogg-vorbis: bf7c407c2cedff20999df2af8eb42d56 -> 
  custom:audio-encoder-webm-vorbis: bf7c407c2cedff20999df2af8eb42d56 -> 
========================================================================
Received Prepare
Registering precompiled user dll's ...
Registered in 0.005124 seconds.
Begin MonoManager ReloadAssembly
Native extension for WindowsStandalone target not found
Native extension for WebGL target not found
Refreshing native plugins compatible for Editor in 0.36 ms, found 2 plugins.
Preloading 0 native plugins for Editor in 0.00 ms.
Mono: successfully reloaded assembly
- Completed reload, in  1.352 seconds
Domain Reload Profiling:
	ReloadAssembly (1352ms)
		BeginReloadAssembly (143ms)
			ExecutionOrderSort (0ms)
			DisableScriptedObjects (6ms)
			BackupInstance (0ms)
			ReleaseScriptingObjects (0ms)
			CreateAndSetChildDomain (47ms)
		EndReloadAssembly (1118ms)
			LoadAssemblies (128ms)
			RebuildTransferFunctionScriptingTraits (0ms)
			SetupTypeCache (419ms)
			ReleaseScriptCaches (1ms)
			RebuildScriptCaches (72ms)
			SetupLoadedEditorAssemblies (370ms)
				LogAssemblyErrors (0ms)
				InitializePlatformSupportModulesInManaged (8ms)
				SetLoadedEditorAssemblies (1ms)
				RefreshPlugins (0ms)
				BeforeProcessingInitializeOnLoad (67ms)
				ProcessInitializeOnLoadAttributes (272ms)
				ProcessInitializeOnLoadMethodAttributes (12ms)
				AfterProcessingInitializeOnLoad (9ms)
				EditorAssembliesLoaded (0ms)
			ExecutionOrderSort2 (0ms)
			AwakeInstancesAfterBackupRestoration (11ms)
Platform modules already initialized, skipping
Refreshing native plugins compatible for Editor in 0.44 ms, found 2 plugins.
Preloading 0 native plugins for Editor in 0.00 ms.
Unloading 1504 Unused Serialized files (Serialized files now loaded: 0)
System memory in use before: 71.2 MB.
System memory in use after: 71.3 MB.

Unloading 14 unused Assets to reduce memory usage. Loaded Objects now: 2011.
Total: 4.612900 ms (FindLiveObjects: 0.163300 ms CreateObjectMapping: 0.050300 ms MarkObjects: 4.331300 ms  DeleteObjects: 0.066800 ms)

AssetImportParameters requested are different than current active one (requested -> active):
  custom:framework-win-MediaFoundation: 216162199b28c13a410421893ffa2e32 -> 
  custom:video-decoder-ogg-theora: a1e56fd34408186e4bbccfd4996cb3dc -> 
  custom:container-muxer-webm: aa71ff27fc2769a1b78a27578f13a17b -> 
  custom:container-demuxer-webm: 4f35f7cbe854078d1ac9338744f61a02 -> 
  custom:container-demuxer-ogg: 62fdf1f143b41e24485cea50d1cbac27 -> 
  custom:video-encoder-webm-vp8: eb34c28f22e8b96e1ab97ce403110664 -> 
  custom:video-decoder-webm-vp8: 9c59270c3fd7afecdb556c50c9e8de78 -> 
  custom:audio-decoder-ogg-vorbis: bf7c407c2cedff20999df2af8eb42d56 -> 
  custom:audio-encoder-webm-vorbis: bf7c407c2cedff20999df2af8eb42d56 -> 
========================================================================
Received Prepare
Registering precompiled user dll's ...
Registered in 0.006263 seconds.
Begin MonoManager ReloadAssembly
Native extension for WindowsStandalone target not found
Native extension for WebGL target not found
Refreshing native plugins compatible for Editor in 0.46 ms, found 2 plugins.
Preloading 0 native plugins for Editor in 0.00 ms.
Mono: successfully reloaded assembly
- Completed reload, in  1.364 seconds
Domain Reload Profiling:
	ReloadAssembly (1365ms)
		BeginReloadAssembly (155ms)
			ExecutionOrderSort (0ms)
			DisableScriptedObjects (8ms)
			BackupInstance (0ms)
			ReleaseScriptingObjects (0ms)
			CreateAndSetChildDomain (47ms)
		EndReloadAssembly (1131ms)
			LoadAssemblies (118ms)
			RebuildTransferFunctionScriptingTraits (0ms)
			SetupTypeCache (411ms)
			ReleaseScriptCaches (1ms)
			RebuildScriptCaches (50ms)
			SetupLoadedEditorAssemblies (396ms)
				LogAssemblyErrors (0ms)
				InitializePlatformSupportModulesInManaged (10ms)
				SetLoadedEditorAssemblies (1ms)
				RefreshPlugins (1ms)
				BeforeProcessingInitializeOnLoad (101ms)
				ProcessInitializeOnLoadAttributes (264ms)
				ProcessInitializeOnLoadMethodAttributes (10ms)
				AfterProcessingInitializeOnLoad (10ms)
				EditorAssembliesLoaded (0ms)
			ExecutionOrderSort2 (0ms)
			AwakeInstancesAfterBackupRestoration (8ms)
Platform modules already initialized, skipping
Refreshing native plugins compatible for Editor in 0.84 ms, found 2 plugins.
Preloading 0 native plugins for Editor in 0.00 ms.
Unloading 1504 Unused Serialized files (Serialized files now loaded: 0)
System memory in use before: 71.2 MB.
System memory in use after: 71.3 MB.

Unloading 14 unused Assets to reduce memory usage. Loaded Objects now: 2013.
Total: 3.984900 ms (FindLiveObjects: 0.198200 ms CreateObjectMapping: 0.051700 ms MarkObjects: 3.680700 ms  DeleteObjects: 0.053200 ms)

AssetImportParameters requested are different than current active one (requested -> active):
  custom:framework-win-MediaFoundation: 216162199b28c13a410421893ffa2e32 -> 
  custom:video-decoder-ogg-theora: a1e56fd34408186e4bbccfd4996cb3dc -> 
  custom:container-muxer-webm: aa71ff27fc2769a1b78a27578f13a17b -> 
  custom:container-demuxer-webm: 4f35f7cbe854078d1ac9338744f61a02 -> 
  custom:container-demuxer-ogg: 62fdf1f143b41e24485cea50d1cbac27 -> 
  custom:video-encoder-webm-vp8: eb34c28f22e8b96e1ab97ce403110664 -> 
  custom:video-decoder-webm-vp8: 9c59270c3fd7afecdb556c50c9e8de78 -> 
  custom:audio-decoder-ogg-vorbis: bf7c407c2cedff20999df2af8eb42d56 -> 
  custom:audio-encoder-webm-vorbis: bf7c407c2cedff20999df2af8eb42d56 -> 
========================================================================
Received Prepare
Registering precompiled user dll's ...
Registered in 0.004719 seconds.
Begin MonoManager ReloadAssembly
Native extension for WindowsStandalone target not found
Native extension for WebGL target not found
Refreshing native plugins compatible for Editor in 0.84 ms, found 2 plugins.
Preloading 0 native plugins for Editor in 0.00 ms.
Mono: successfully reloaded assembly
- Completed reload, in  1.202 seconds
Domain Reload Profiling:
	ReloadAssembly (1203ms)
		BeginReloadAssembly (141ms)
			ExecutionOrderSort (0ms)
			DisableScriptedObjects (5ms)
			BackupInstance (0ms)
			ReleaseScriptingObjects (0ms)
			CreateAndSetChildDomain (40ms)
		EndReloadAssembly (980ms)
			LoadAssemblies (115ms)
			RebuildTransferFunctionScriptingTraits (0ms)
			SetupTypeCache (357ms)
			ReleaseScriptCaches (1ms)
			RebuildScriptCaches (51ms)
			SetupLoadedEditorAssemblies (342ms)
				LogAssemblyErrors (0ms)
				InitializePlatformSupportModulesInManaged (7ms)
				SetLoadedEditorAssemblies (1ms)
				RefreshPlugins (1ms)
				BeforeProcessingInitializeOnLoad (60ms)
				ProcessInitializeOnLoadAttributes (253ms)
				ProcessInitializeOnLoadMethodAttributes (11ms)
				AfterProcessingInitializeOnLoad (9ms)
				EditorAssembliesLoaded (1ms)
			ExecutionOrderSort2 (0ms)
			AwakeInstancesAfterBackupRestoration (9ms)
Platform modules already initialized, skipping
Refreshing native plugins compatible for Editor in 0.62 ms, found 2 plugins.
Preloading 0 native plugins for Editor in 0.00 ms.
Unloading 1504 Unused Serialized files (Serialized files now loaded: 0)
System memory in use before: 71.2 MB.
System memory in use after: 71.3 MB.

Unloading 14 unused Assets to reduce memory usage. Loaded Objects now: 2015.
Total: 4.249800 ms (FindLiveObjects: 0.187800 ms CreateObjectMapping: 0.049900 ms MarkObjects: 3.987200 ms  DeleteObjects: 0.023800 ms)

AssetImportParameters requested are different than current active one (requested -> active):
  custom:framework-win-MediaFoundation: 216162199b28c13a410421893ffa2e32 -> 
  custom:video-decoder-ogg-theora: a1e56fd34408186e4bbccfd4996cb3dc -> 
  custom:container-muxer-webm: aa71ff27fc2769a1b78a27578f13a17b -> 
  custom:container-demuxer-webm: 4f35f7cbe854078d1ac9338744f61a02 -> 
  custom:container-demuxer-ogg: 62fdf1f143b41e24485cea50d1cbac27 -> 
  custom:video-encoder-webm-vp8: eb34c28f22e8b96e1ab97ce403110664 -> 
  custom:video-decoder-webm-vp8: 9c59270c3fd7afecdb556c50c9e8de78 -> 
  custom:audio-decoder-ogg-vorbis: bf7c407c2cedff20999df2af8eb42d56 -> 
  custom:audio-encoder-webm-vorbis: bf7c407c2cedff20999df2af8eb42d56 -> 
========================================================================
Received Import Request.
  Time since last request: 3223.771758 seconds.
  path: Assets/MyHealthSystem.cs
  artifactKey: Guid(c909d1c65675d964cabfde84dc95ee30) Importer(815301076,1909f56bfc062723c751e8b465ee728b)
Start importing Assets/MyHealthSystem.cs using Guid(c909d1c65675d964cabfde84dc95ee30) Importer(815301076,1909f56bfc062723c751e8b465ee728b)  -> (artifact id: '143d9bffb448d3f5f02ae9a8ed8738ff') in 0.005411 seconds 
  Import took 0.010124 seconds .

========================================================================
Received Import Request.
  Time since last request: 3.806004 seconds.
  path: Assets/MyPlayerBehaviour.cs
  artifactKey: Guid(09e0c9bdfa88e814c834d9508340f831) Importer(815301076,1909f56bfc062723c751e8b465ee728b)
Start importing Assets/MyPlayerBehaviour.cs using Guid(09e0c9bdfa88e814c834d9508340f831) Importer(815301076,1909f56bfc062723c751e8b465ee728b)  -> (artifact id: '40592f85802eee0d960378ce8a31ff78') in 0.003054 seconds 
  Import took 0.043564 seconds .

========================================================================
Received Prepare
Registering precompiled user dll's ...
Registered in 0.004927 seconds.
Begin MonoManager ReloadAssembly
Native extension for WindowsStandalone target not found
Native extension for WebGL target not found
Refreshing native plugins compatible for Editor in 0.65 ms, found 2 plugins.
Preloading 0 native plugins for Editor in 0.00 ms.
Mono: successfully reloaded assembly
- Completed reload, in  1.796 seconds
Domain Reload Profiling:
	ReloadAssembly (1797ms)
		BeginReloadAssembly (201ms)
			ExecutionOrderSort (0ms)
			DisableScriptedObjects (9ms)
			BackupInstance (0ms)
			ReleaseScriptingObjects (0ms)
			CreateAndSetChildDomain (54ms)
		EndReloadAssembly (1467ms)
			LoadAssemblies (174ms)
			RebuildTransferFunctionScriptingTraits (0ms)
			SetupTypeCache (605ms)
			ReleaseScriptCaches (2ms)
			RebuildScriptCaches (80ms)
			SetupLoadedEditorAssemblies (455ms)
				LogAssemblyErrors (0ms)
				InitializePlatformSupportModulesInManaged (8ms)
				SetLoadedEditorAssemblies (1ms)
				RefreshPlugins (1ms)
				BeforeProcessingInitializeOnLoad (88ms)
				ProcessInitializeOnLoadAttributes (336ms)
				ProcessInitializeOnLoadMethodAttributes (11ms)
				AfterProcessingInitializeOnLoad (9ms)
				EditorAssembliesLoaded (0ms)
			ExecutionOrderSort2 (0ms)
			AwakeInstancesAfterBackupRestoration (10ms)
Platform modules already initialized, skipping
Refreshing native plugins compatible for Editor in 0.42 ms, found 2 plugins.
Preloading 0 native plugins for Editor in 0.00 ms.
Unloading 1504 Unused Serialized files (Serialized files now loaded: 0)
System memory in use before: 71.2 MB.
System memory in use after: 71.3 MB.

Unloading 14 unused Assets to reduce memory usage. Loaded Objects now: 2017.
Total: 4.637000 ms (FindLiveObjects: 0.400200 ms CreateObjectMapping: 0.153500 ms MarkObjects: 4.012600 ms  DeleteObjects: 0.051500 ms)

AssetImportParameters requested are different than current active one (requested -> active):
  custom:framework-win-MediaFoundation: 216162199b28c13a410421893ffa2e32 -> 
  custom:video-decoder-ogg-theora: a1e56fd34408186e4bbccfd4996cb3dc -> 
  custom:container-muxer-webm: aa71ff27fc2769a1b78a27578f13a17b -> 
  custom:container-demuxer-webm: 4f35f7cbe854078d1ac9338744f61a02 -> 
  custom:container-demuxer-ogg: 62fdf1f143b41e24485cea50d1cbac27 -> 
  custom:video-encoder-webm-vp8: eb34c28f22e8b96e1ab97ce403110664 -> 
  custom:video-decoder-webm-vp8: 9c59270c3fd7afecdb556c50c9e8de78 -> 
  custom:audio-decoder-ogg-vorbis: bf7c407c2cedff20999df2af8eb42d56 -> 
  custom:audio-encoder-webm-vorbis: bf7c407c2cedff20999df2af8eb42d56 -> 
========================================================================
Received Import Request.
  Time since last request: 20.091236 seconds.
  path: Assets/MyPlayerBehaviour.cs
  artifactKey: Guid(09e0c9bdfa88e814c834d9508340f831) Importer(815301076,1909f56bfc062723c751e8b465ee728b)
Start importing Assets/MyPlayerBehaviour.cs using Guid(09e0c9bdfa88e814c834d9508340f831) Importer(815301076,1909f56bfc062723c751e8b465ee728b)  -> (artifact id: '71601505f5dd7ff2b99227c9d5cb2782') in 0.005058 seconds 
  Import took 0.009513 seconds .

========================================================================
Received Prepare
Registering precompiled user dll's ...
Registered in 0.005742 seconds.
Begin MonoManager ReloadAssembly
Native extension for WindowsStandalone target not found
Native extension for WebGL target not found
Refreshing native plugins compatible for Editor in 0.45 ms, found 2 plugins.
Preloading 0 native plugins for Editor in 0.00 ms.
Mono: successfully reloaded assembly
- Completed reload, in  1.409 seconds
Domain Reload Profiling:
	ReloadAssembly (1409ms)
		BeginReloadAssembly (160ms)
			ExecutionOrderSort (0ms)
			DisableScriptedObjects (8ms)
			BackupInstance (0ms)
			ReleaseScriptingObjects (0ms)
			CreateAndSetChildDomain (43ms)
		EndReloadAssembly (1143ms)
			LoadAssemblies (143ms)
			RebuildTransferFunctionScriptingTraits (0ms)
			SetupTypeCache (419ms)
			ReleaseScriptCaches (1ms)
			RebuildScriptCaches (56ms)
			SetupLoadedEditorAssemblies (397ms)
				LogAssemblyErrors (0ms)
				InitializePlatformSupportModulesInManaged (7ms)
				SetLoadedEditorAssemblies (1ms)
				RefreshPlugins (1ms)
				BeforeProcessingInitializeOnLoad (81ms)
				ProcessInitializeOnLoadAttributes (287ms)
				ProcessInitializeOnLoadMethodAttributes (12ms)
				AfterProcessingInitializeOnLoad (8ms)
				EditorAssembliesLoaded (0ms)
			ExecutionOrderSort2 (0ms)
			AwakeInstancesAfterBackupRestoration (8ms)
Platform modules already initialized, skipping
Refreshing native plugins compatible for Editor in 0.69 ms, found 2 plugins.
Preloading 0 native plugins for Editor in 0.00 ms.
Unloading 1504 Unused Serialized files (Serialized files now loaded: 0)
System memory in use before: 71.2 MB.
System memory in use after: 71.3 MB.

Unloading 14 unused Assets to reduce memory usage. Loaded Objects now: 2019.
Total: 5.585000 ms (FindLiveObjects: 0.331700 ms CreateObjectMapping: 0.154100 ms MarkObjects: 5.052000 ms  DeleteObjects: 0.045000 ms)

AssetImportParameters requested are different than current active one (requested -> active):
  custom:framework-win-MediaFoundation: 216162199b28c13a410421893ffa2e32 -> 
  custom:video-decoder-ogg-theora: a1e56fd34408186e4bbccfd4996cb3dc -> 
  custom:container-muxer-webm: aa71ff27fc2769a1b78a27578f13a17b -> 
  custom:container-demuxer-webm: 4f35f7cbe854078d1ac9338744f61a02 -> 
  custom:container-demuxer-ogg: 62fdf1f143b41e24485cea50d1cbac27 -> 
  custom:video-encoder-webm-vp8: eb34c28f22e8b96e1ab97ce403110664 -> 
  custom:video-decoder-webm-vp8: 9c59270c3fd7afecdb556c50c9e8de78 -> 
  custom:audio-decoder-ogg-vorbis: bf7c407c2cedff20999df2af8eb42d56 -> 
  custom:audio-encoder-webm-vorbis: bf7c407c2cedff20999df2af8eb42d56 -> 
AssetImportWorkerClient::OnTransportError - code=2 error=End of file
